{"C:\\Users\\55419\\Desktop\\Code_Projects\\GoStack\\appgobarber\\src\\components\\Button\\index.tsx": {"path":"C:\\Users\\55419\\Desktop\\Code_Projects\\GoStack\\appgobarber\\src\\components\\Button\\index.tsx","statementMap":{"0":{"start":{"line":10,"column":38},"end":{"line":16,"column":1}},"1":{"start":{"line":11,"column":2},"end":{"line":15,"column":4}}},"fnMap":{"0":{"name":"(anonymous_0)","decl":{"start":{"line":10,"column":38},"end":{"line":10,"column":39}},"loc":{"start":{"line":10,"column":65},"end":{"line":16,"column":1}},"line":10}},"branchMap":{},"s":{"0":1,"1":1},"f":{"0":1},"b":{},"_coverageSchema":"43e27e138ebf9cfc5966b082cf9a028302ed4184","hash":"826d8968a1b248f0d60e5340b23a2b45e48bf021"}
,"C:\\Users\\55419\\Desktop\\Code_Projects\\GoStack\\appgobarber\\src\\components\\Input\\index.tsx": {"path":"C:\\Users\\55419\\Desktop\\Code_Projects\\GoStack\\appgobarber\\src\\components\\Input\\index.tsx","statementMap":{"0":{"start":{"line":28,"column":66},"end":{"line":94,"column":1}},"1":{"start":{"line":32,"column":26},"end":{"line":32,"column":43}},"2":{"start":{"line":34,"column":65},"end":{"line":34,"column":79}},"3":{"start":{"line":35,"column":24},"end":{"line":35,"column":76}},"4":{"start":{"line":37,"column":36},"end":{"line":37,"column":51}},"5":{"start":{"line":38,"column":34},"end":{"line":38,"column":49}},"6":{"start":{"line":40,"column":27},"end":{"line":42,"column":8}},"7":{"start":{"line":41,"column":4},"end":{"line":41,"column":23}},"8":{"start":{"line":44,"column":26},"end":{"line":48,"column":8}},"9":{"start":{"line":45,"column":4},"end":{"line":45,"column":24}},"10":{"start":{"line":47,"column":4},"end":{"line":47,"column":47}},"11":{"start":{"line":50,"column":2},"end":{"line":54,"column":6}},"12":{"start":{"line":50,"column":34},"end":{"line":54,"column":3}},"13":{"start":{"line":52,"column":6},"end":{"line":52,"column":38}},"14":{"start":{"line":56,"column":2},"end":{"line":70,"column":33}},"15":{"start":{"line":57,"column":4},"end":{"line":69,"column":7}},"16":{"start":{"line":72,"column":2},"end":{"line":93,"column":4}},"17":{"start":{"line":88,"column":10},"end":{"line":88,"column":46}}},"fnMap":{"0":{"name":"(anonymous_0)","decl":{"start":{"line":28,"column":66},"end":{"line":28,"column":67}},"loc":{"start":{"line":31,"column":5},"end":{"line":94,"column":1}},"line":31},"1":{"name":"(anonymous_1)","decl":{"start":{"line":40,"column":39},"end":{"line":40,"column":40}},"loc":{"start":{"line":40,"column":45},"end":{"line":42,"column":3}},"line":40},"2":{"name":"(anonymous_2)","decl":{"start":{"line":44,"column":38},"end":{"line":44,"column":39}},"loc":{"start":{"line":44,"column":44},"end":{"line":48,"column":3}},"line":44},"3":{"name":"(anonymous_3)","decl":{"start":{"line":50,"column":27},"end":{"line":50,"column":28}},"loc":{"start":{"line":50,"column":34},"end":{"line":54,"column":3}},"line":50},"4":{"name":"(anonymous_4)","decl":{"start":{"line":51,"column":4},"end":{"line":51,"column":5}},"loc":{"start":{"line":51,"column":12},"end":{"line":53,"column":5}},"line":51},"5":{"name":"(anonymous_5)","decl":{"start":{"line":56,"column":12},"end":{"line":56,"column":13}},"loc":{"start":{"line":56,"column":18},"end":{"line":70,"column":3}},"line":56},"6":{"name":"(anonymous_6)","decl":{"start":{"line":87,"column":22},"end":{"line":87,"column":23}},"loc":{"start":{"line":87,"column":33},"end":{"line":89,"column":9}},"line":87}},"branchMap":{"0":{"loc":{"start":{"line":29,"column":16},"end":{"line":29,"column":35}},"type":"default-arg","locations":[{"start":{"line":29,"column":33},"end":{"line":29,"column":35}}],"line":29},"1":{"loc":{"start":{"line":34,"column":25},"end":{"line":34,"column":42}},"type":"default-arg","locations":[{"start":{"line":34,"column":40},"end":{"line":34,"column":42}}],"line":34},"2":{"loc":{"start":{"line":77,"column":15},"end":{"line":77,"column":60}},"type":"cond-expr","locations":[{"start":{"line":77,"column":39},"end":{"line":77,"column":48}},{"start":{"line":77,"column":51},"end":{"line":77,"column":60}}],"line":77},"3":{"loc":{"start":{"line":77,"column":15},"end":{"line":77,"column":36}},"type":"binary-expr","locations":[{"start":{"line":77,"column":15},"end":{"line":77,"column":24}},{"start":{"line":77,"column":28},"end":{"line":77,"column":36}}],"line":77}},"s":{"0":1,"1":2,"2":2,"3":2,"4":2,"5":2,"6":2,"7":0,"8":2,"9":0,"10":0,"11":2,"12":1,"13":0,"14":2,"15":2,"16":2,"17":0},"f":{"0":2,"1":0,"2":0,"3":1,"4":0,"5":2,"6":0},"b":{"0":[2],"1":[2],"2":[0,2],"3":[2,2]},"_coverageSchema":"43e27e138ebf9cfc5966b082cf9a028302ed4184","hash":"810d74cf1d1a866414f6bfb7d47cf764ed113739"}
,"C:\\Users\\55419\\Desktop\\Code_Projects\\GoStack\\appgobarber\\src\\hooks\\auth.tsx": {"path":"C:\\Users\\55419\\Desktop\\Code_Projects\\GoStack\\appgobarber\\src\\hooks\\auth.tsx","statementMap":{"0":{"start":{"line":37,"column":20},"end":{"line":37,"column":73}},"1":{"start":{"line":39,"column":38},"end":{"line":105,"column":1}},"2":{"start":{"line":40,"column":26},"end":{"line":40,"column":62}},"3":{"start":{"line":41,"column":32},"end":{"line":41,"column":46}},"4":{"start":{"line":43,"column":2},"end":{"line":60,"column":9}},"5":{"start":{"line":45,"column":28},"end":{"line":48,"column":8}},"6":{"start":{"line":50,"column":6},"end":{"line":54,"column":7}},"7":{"start":{"line":51,"column":8},"end":{"line":51,"column":66}},"8":{"start":{"line":53,"column":8},"end":{"line":53,"column":64}},"9":{"start":{"line":56,"column":6},"end":{"line":56,"column":24}},"10":{"start":{"line":59,"column":4},"end":{"line":59,"column":23}},"11":{"start":{"line":62,"column":17},"end":{"line":78,"column":8}},"12":{"start":{"line":63,"column":21},"end":{"line":66,"column":6}},"13":{"start":{"line":68,"column":28},"end":{"line":68,"column":41}},"14":{"start":{"line":70,"column":4},"end":{"line":73,"column":7}},"15":{"start":{"line":75,"column":4},"end":{"line":75,"column":59}},"16":{"start":{"line":77,"column":4},"end":{"line":77,"column":29}},"17":{"start":{"line":80,"column":18},"end":{"line":84,"column":8}},"18":{"start":{"line":81,"column":4},"end":{"line":81,"column":74}},"19":{"start":{"line":83,"column":4},"end":{"line":83,"column":29}},"20":{"start":{"line":86,"column":21},"end":{"line":96,"column":3}},"21":{"start":{"line":88,"column":6},"end":{"line":88,"column":73}},"22":{"start":{"line":90,"column":6},"end":{"line":93,"column":9}},"23":{"start":{"line":98,"column":2},"end":{"line":104,"column":4}},"24":{"start":{"line":108,"column":18},"end":{"line":108,"column":41}},"25":{"start":{"line":110,"column":2},"end":{"line":112,"column":3}},"26":{"start":{"line":111,"column":4},"end":{"line":111,"column":67}},"27":{"start":{"line":114,"column":2},"end":{"line":114,"column":17}}},"fnMap":{"0":{"name":"(anonymous_0)","decl":{"start":{"line":39,"column":38},"end":{"line":39,"column":39}},"loc":{"start":{"line":39,"column":56},"end":{"line":105,"column":1}},"line":39},"1":{"name":"(anonymous_1)","decl":{"start":{"line":43,"column":12},"end":{"line":43,"column":13}},"loc":{"start":{"line":43,"column":18},"end":{"line":60,"column":3}},"line":43},"2":{"name":"loadStoragedData","decl":{"start":{"line":44,"column":19},"end":{"line":44,"column":35}},"loc":{"start":{"line":44,"column":53},"end":{"line":57,"column":5}},"line":44},"3":{"name":"(anonymous_3)","decl":{"start":{"line":62,"column":29},"end":{"line":62,"column":30}},"loc":{"start":{"line":62,"column":60},"end":{"line":78,"column":3}},"line":62},"4":{"name":"(anonymous_4)","decl":{"start":{"line":80,"column":30},"end":{"line":80,"column":31}},"loc":{"start":{"line":80,"column":42},"end":{"line":84,"column":3}},"line":80},"5":{"name":"(anonymous_5)","decl":{"start":{"line":87,"column":4},"end":{"line":87,"column":5}},"loc":{"start":{"line":87,"column":26},"end":{"line":94,"column":5}},"line":87},"6":{"name":"useAuth","decl":{"start":{"line":107,"column":16},"end":{"line":107,"column":23}},"loc":{"start":{"line":107,"column":43},"end":{"line":115,"column":1}},"line":107}},"branchMap":{"0":{"loc":{"start":{"line":50,"column":6},"end":{"line":54,"column":7}},"type":"if","locations":[{"start":{"line":50,"column":6},"end":{"line":54,"column":7}},{"start":{"line":50,"column":6},"end":{"line":54,"column":7}}],"line":50},"1":{"loc":{"start":{"line":50,"column":10},"end":{"line":50,"column":29}},"type":"binary-expr","locations":[{"start":{"line":50,"column":10},"end":{"line":50,"column":18}},{"start":{"line":50,"column":22},"end":{"line":50,"column":29}}],"line":50},"2":{"loc":{"start":{"line":110,"column":2},"end":{"line":112,"column":3}},"type":"if","locations":[{"start":{"line":110,"column":2},"end":{"line":112,"column":3}},{"start":{"line":110,"column":2},"end":{"line":112,"column":3}}],"line":110}},"s":{"0":1,"1":1,"2":0,"3":0,"4":0,"5":0,"6":0,"7":0,"8":0,"9":0,"10":0,"11":0,"12":0,"13":0,"14":0,"15":0,"16":0,"17":0,"18":0,"19":0,"20":0,"21":0,"22":0,"23":0,"24":1,"25":1,"26":0,"27":1},"f":{"0":0,"1":0,"2":0,"3":0,"4":0,"5":0,"6":1},"b":{"0":[0,0],"1":[0,0],"2":[0,1]},"_coverageSchema":"43e27e138ebf9cfc5966b082cf9a028302ed4184","hash":"432a1de4653fd4194961974c125056bdccb6dfbe"}
,"C:\\Users\\55419\\Desktop\\Code_Projects\\GoStack\\appgobarber\\src\\pages\\AppointmentCreated\\index.tsx": {"path":"C:\\Users\\55419\\Desktop\\Code_Projects\\GoStack\\appgobarber\\src\\pages\\AppointmentCreated\\index.tsx","statementMap":{"0":{"start":{"line":19,"column":37},"end":{"line":52,"column":1}},"1":{"start":{"line":20,"column":20},"end":{"line":20,"column":35}},"2":{"start":{"line":21,"column":21},"end":{"line":21,"column":31}},"3":{"start":{"line":23,"column":22},"end":{"line":23,"column":43}},"4":{"start":{"line":25,"column":26},"end":{"line":30,"column":13}},"5":{"start":{"line":26,"column":4},"end":{"line":29,"column":7}},"6":{"start":{"line":32,"column":24},"end":{"line":38,"column":24}},"7":{"start":{"line":33,"column":4},"end":{"line":37,"column":6}},"8":{"start":{"line":40,"column":2},"end":{"line":51,"column":4}}},"fnMap":{"0":{"name":"(anonymous_0)","decl":{"start":{"line":19,"column":37},"end":{"line":19,"column":38}},"loc":{"start":{"line":19,"column":43},"end":{"line":52,"column":1}},"line":19},"1":{"name":"(anonymous_1)","decl":{"start":{"line":25,"column":38},"end":{"line":25,"column":39}},"loc":{"start":{"line":25,"column":44},"end":{"line":30,"column":3}},"line":25},"2":{"name":"(anonymous_2)","decl":{"start":{"line":32,"column":32},"end":{"line":32,"column":33}},"loc":{"start":{"line":32,"column":38},"end":{"line":38,"column":3}},"line":32}},"branchMap":{},"s":{"0":0,"1":0,"2":0,"3":0,"4":0,"5":0,"6":0,"7":0,"8":0},"f":{"0":0,"1":0,"2":0},"b":{},"hash":"99587d9640a1d5bf777afbfc2964bfcb59b954ee"}
,"C:\\Users\\55419\\Desktop\\Code_Projects\\GoStack\\appgobarber\\src\\pages\\CreateAppointment\\index.tsx": {"path":"C:\\Users\\55419\\Desktop\\Code_Projects\\GoStack\\appgobarber\\src\\pages\\CreateAppointment\\index.tsx","statementMap":{"0":{"start":{"line":52,"column":36},"end":{"line":269,"column":1}},"1":{"start":{"line":53,"column":19},"end":{"line":53,"column":28}},"2":{"start":{"line":54,"column":31},"end":{"line":54,"column":46}},"3":{"start":{"line":55,"column":16},"end":{"line":55,"column":26}},"4":{"start":{"line":57,"column":22},"end":{"line":57,"column":49}},"5":{"start":{"line":59,"column":42},"end":{"line":59,"column":74}},"6":{"start":{"line":60,"column":46},"end":{"line":60,"column":61}},"7":{"start":{"line":61,"column":42},"end":{"line":61,"column":62}},"8":{"start":{"line":62,"column":42},"end":{"line":62,"column":53}},"9":{"start":{"line":63,"column":36},"end":{"line":63,"column":60}},"10":{"start":{"line":64,"column":50},"end":{"line":66,"column":3}},"11":{"start":{"line":68,"column":2},"end":{"line":72,"column":9}},"12":{"start":{"line":69,"column":4},"end":{"line":71,"column":7}},"13":{"start":{"line":70,"column":6},"end":{"line":70,"column":34}},"14":{"start":{"line":74,"column":2},"end":{"line":88,"column":39}},"15":{"start":{"line":75,"column":4},"end":{"line":75,"column":23}},"16":{"start":{"line":77,"column":4},"end":{"line":87,"column":9}},"17":{"start":{"line":86,"column":8},"end":{"line":86,"column":39}},"18":{"start":{"line":90,"column":23},"end":{"line":92,"column":14}},"19":{"start":{"line":91,"column":4},"end":{"line":91,"column":13}},"20":{"start":{"line":94,"column":31},"end":{"line":96,"column":8}},"21":{"start":{"line":95,"column":4},"end":{"line":95,"column":36}},"22":{"start":{"line":98,"column":33},"end":{"line":100,"column":8}},"23":{"start":{"line":99,"column":4},"end":{"line":99,"column":47}},"24":{"start":{"line":99,"column":36},"end":{"line":99,"column":45}},"25":{"start":{"line":102,"column":28},"end":{"line":113,"column":3}},"26":{"start":{"line":104,"column":6},"end":{"line":106,"column":7}},"27":{"start":{"line":105,"column":8},"end":{"line":105,"column":33}},"28":{"start":{"line":108,"column":6},"end":{"line":110,"column":7}},"29":{"start":{"line":109,"column":8},"end":{"line":109,"column":30}},"30":{"start":{"line":115,"column":27},"end":{"line":117,"column":8}},"31":{"start":{"line":116,"column":4},"end":{"line":116,"column":26}},"32":{"start":{"line":119,"column":34},"end":{"line":138,"column":62}},"33":{"start":{"line":120,"column":4},"end":{"line":137,"column":5}},"34":{"start":{"line":121,"column":19},"end":{"line":121,"column":41}},"35":{"start":{"line":123,"column":6},"end":{"line":123,"column":34}},"36":{"start":{"line":124,"column":6},"end":{"line":124,"column":25}},"37":{"start":{"line":126,"column":6},"end":{"line":129,"column":9}},"38":{"start":{"line":131,"column":6},"end":{"line":131,"column":63}},"39":{"start":{"line":133,"column":6},"end":{"line":136,"column":8}},"40":{"start":{"line":140,"column":30},"end":{"line":150,"column":20}},"41":{"start":{"line":141,"column":4},"end":{"line":149,"column":9}},"42":{"start":{"line":142,"column":28},"end":{"line":142,"column":37}},"43":{"start":{"line":144,"column":8},"end":{"line":148,"column":10}},"44":{"start":{"line":152,"column":32},"end":{"line":162,"column":20}},"45":{"start":{"line":153,"column":4},"end":{"line":161,"column":9}},"46":{"start":{"line":154,"column":28},"end":{"line":154,"column":38}},"47":{"start":{"line":156,"column":8},"end":{"line":160,"column":10}},"48":{"start":{"line":164,"column":2},"end":{"line":268,"column":4}},"49":{"start":{"line":182,"column":40},"end":{"line":182,"column":51}},"50":{"start":{"line":184,"column":14},"end":{"line":192,"column":34}},"51":{"start":{"line":185,"column":31},"end":{"line":185,"column":64}},"52":{"start":{"line":225,"column":16},"end":{"line":235,"column":23}},"53":{"start":{"line":230,"column":33},"end":{"line":230,"column":55}},"54":{"start":{"line":246,"column":18},"end":{"line":256,"column":25}},"55":{"start":{"line":251,"column":35},"end":{"line":251,"column":57}}},"fnMap":{"0":{"name":"(anonymous_0)","decl":{"start":{"line":52,"column":36},"end":{"line":52,"column":37}},"loc":{"start":{"line":52,"column":42},"end":{"line":269,"column":1}},"line":52},"1":{"name":"(anonymous_1)","decl":{"start":{"line":68,"column":12},"end":{"line":68,"column":13}},"loc":{"start":{"line":68,"column":18},"end":{"line":72,"column":3}},"line":68},"2":{"name":"(anonymous_2)","decl":{"start":{"line":69,"column":30},"end":{"line":69,"column":31}},"loc":{"start":{"line":69,"column":44},"end":{"line":71,"column":5}},"line":69},"3":{"name":"(anonymous_3)","decl":{"start":{"line":74,"column":12},"end":{"line":74,"column":13}},"loc":{"start":{"line":74,"column":18},"end":{"line":88,"column":3}},"line":74},"4":{"name":"(anonymous_4)","decl":{"start":{"line":85,"column":12},"end":{"line":85,"column":13}},"loc":{"start":{"line":85,"column":26},"end":{"line":87,"column":7}},"line":85},"5":{"name":"(anonymous_5)","decl":{"start":{"line":90,"column":35},"end":{"line":90,"column":36}},"loc":{"start":{"line":90,"column":41},"end":{"line":92,"column":3}},"line":90},"6":{"name":"(anonymous_6)","decl":{"start":{"line":94,"column":43},"end":{"line":94,"column":44}},"loc":{"start":{"line":94,"column":67},"end":{"line":96,"column":3}},"line":94},"7":{"name":"(anonymous_7)","decl":{"start":{"line":98,"column":45},"end":{"line":98,"column":46}},"loc":{"start":{"line":98,"column":51},"end":{"line":100,"column":3}},"line":98},"8":{"name":"(anonymous_8)","decl":{"start":{"line":99,"column":22},"end":{"line":99,"column":23}},"loc":{"start":{"line":99,"column":36},"end":{"line":99,"column":45}},"line":99},"9":{"name":"(anonymous_9)","decl":{"start":{"line":103,"column":4},"end":{"line":103,"column":5}},"loc":{"start":{"line":103,"column":44},"end":{"line":111,"column":5}},"line":103},"10":{"name":"(anonymous_10)","decl":{"start":{"line":115,"column":39},"end":{"line":115,"column":40}},"loc":{"start":{"line":115,"column":57},"end":{"line":117,"column":3}},"line":115},"11":{"name":"(anonymous_11)","decl":{"start":{"line":119,"column":46},"end":{"line":119,"column":47}},"loc":{"start":{"line":119,"column":58},"end":{"line":138,"column":3}},"line":119},"12":{"name":"(anonymous_12)","decl":{"start":{"line":140,"column":38},"end":{"line":140,"column":39}},"loc":{"start":{"line":140,"column":44},"end":{"line":150,"column":3}},"line":140},"13":{"name":"(anonymous_13)","decl":{"start":{"line":142,"column":14},"end":{"line":142,"column":15}},"loc":{"start":{"line":142,"column":28},"end":{"line":142,"column":37}},"line":142},"14":{"name":"(anonymous_14)","decl":{"start":{"line":143,"column":11},"end":{"line":143,"column":12}},"loc":{"start":{"line":143,"column":36},"end":{"line":149,"column":7}},"line":143},"15":{"name":"(anonymous_15)","decl":{"start":{"line":152,"column":40},"end":{"line":152,"column":41}},"loc":{"start":{"line":152,"column":46},"end":{"line":162,"column":3}},"line":152},"16":{"name":"(anonymous_16)","decl":{"start":{"line":154,"column":14},"end":{"line":154,"column":15}},"loc":{"start":{"line":154,"column":28},"end":{"line":154,"column":38}},"line":154},"17":{"name":"(anonymous_17)","decl":{"start":{"line":155,"column":11},"end":{"line":155,"column":12}},"loc":{"start":{"line":155,"column":36},"end":{"line":161,"column":7}},"line":155},"18":{"name":"(anonymous_18)","decl":{"start":{"line":182,"column":26},"end":{"line":182,"column":27}},"loc":{"start":{"line":182,"column":40},"end":{"line":182,"column":51}},"line":182},"19":{"name":"(anonymous_19)","decl":{"start":{"line":183,"column":24},"end":{"line":183,"column":25}},"loc":{"start":{"line":184,"column":14},"end":{"line":192,"column":34}},"line":184},"20":{"name":"(anonymous_20)","decl":{"start":{"line":185,"column":25},"end":{"line":185,"column":26}},"loc":{"start":{"line":185,"column":31},"end":{"line":185,"column":64}},"line":185},"21":{"name":"(anonymous_21)","decl":{"start":{"line":224,"column":39},"end":{"line":224,"column":40}},"loc":{"start":{"line":225,"column":16},"end":{"line":235,"column":23}},"line":225},"22":{"name":"(anonymous_22)","decl":{"start":{"line":230,"column":27},"end":{"line":230,"column":28}},"loc":{"start":{"line":230,"column":33},"end":{"line":230,"column":55}},"line":230},"23":{"name":"(anonymous_23)","decl":{"start":{"line":245,"column":16},"end":{"line":245,"column":17}},"loc":{"start":{"line":246,"column":18},"end":{"line":256,"column":25}},"line":246},"24":{"name":"(anonymous_24)","decl":{"start":{"line":251,"column":29},"end":{"line":251,"column":30}},"loc":{"start":{"line":251,"column":35},"end":{"line":251,"column":57}},"line":251}},"branchMap":{"0":{"loc":{"start":{"line":104,"column":6},"end":{"line":106,"column":7}},"type":"if","locations":[{"start":{"line":104,"column":6},"end":{"line":106,"column":7}},{"start":{"line":104,"column":6},"end":{"line":106,"column":7}}],"line":104},"1":{"loc":{"start":{"line":108,"column":6},"end":{"line":110,"column":7}},"type":"if","locations":[{"start":{"line":108,"column":6},"end":{"line":110,"column":7}},{"start":{"line":108,"column":6},"end":{"line":110,"column":7}}],"line":108},"2":{"loc":{"start":{"line":206,"column":11},"end":{"line":214,"column":11}},"type":"binary-expr","locations":[{"start":{"line":206,"column":11},"end":{"line":206,"column":25}},{"start":{"line":207,"column":12},"end":{"line":213,"column":14}}],"line":206}},"s":{"0":0,"1":0,"2":0,"3":0,"4":0,"5":0,"6":0,"7":0,"8":0,"9":0,"10":0,"11":0,"12":0,"13":0,"14":0,"15":0,"16":0,"17":0,"18":0,"19":0,"20":0,"21":0,"22":0,"23":0,"24":0,"25":0,"26":0,"27":0,"28":0,"29":0,"30":0,"31":0,"32":0,"33":0,"34":0,"35":0,"36":0,"37":0,"38":0,"39":0,"40":0,"41":0,"42":0,"43":0,"44":0,"45":0,"46":0,"47":0,"48":0,"49":0,"50":0,"51":0,"52":0,"53":0,"54":0,"55":0},"f":{"0":0,"1":0,"2":0,"3":0,"4":0,"5":0,"6":0,"7":0,"8":0,"9":0,"10":0,"11":0,"12":0,"13":0,"14":0,"15":0,"16":0,"17":0,"18":0,"19":0,"20":0,"21":0,"22":0,"23":0,"24":0},"b":{"0":[0,0],"1":[0,0],"2":[0,0]},"hash":"d6ed5ea216513f3cde04a37e7d190e561150d9b8"}
,"C:\\Users\\55419\\Desktop\\Code_Projects\\GoStack\\appgobarber\\src\\pages\\Dashboard\\index.tsx": {"path":"C:\\Users\\55419\\Desktop\\Code_Projects\\GoStack\\appgobarber\\src\\pages\\Dashboard\\index.tsx","statementMap":{"0":{"start":{"line":31,"column":28},"end":{"line":96,"column":1}},"1":{"start":{"line":32,"column":36},"end":{"line":32,"column":60}},"2":{"start":{"line":34,"column":19},"end":{"line":34,"column":28}},"3":{"start":{"line":35,"column":23},"end":{"line":35,"column":38}},"4":{"start":{"line":37,"column":2},"end":{"line":41,"column":9}},"5":{"start":{"line":38,"column":4},"end":{"line":40,"column":7}},"6":{"start":{"line":39,"column":6},"end":{"line":39,"column":34}},"7":{"start":{"line":43,"column":28},"end":{"line":45,"column":16}},"8":{"start":{"line":44,"column":4},"end":{"line":44,"column":24}},"9":{"start":{"line":47,"column":38},"end":{"line":52,"column":3}},"10":{"start":{"line":49,"column":6},"end":{"line":49,"column":52}},"11":{"start":{"line":54,"column":2},"end":{"line":95,"column":4}},"12":{"start":{"line":69,"column":36},"end":{"line":69,"column":47}},"13":{"start":{"line":74,"column":10},"end":{"line":91,"column":30}},"14":{"start":{"line":75,"column":27},"end":{"line":75,"column":67}}},"fnMap":{"0":{"name":"(anonymous_0)","decl":{"start":{"line":31,"column":28},"end":{"line":31,"column":29}},"loc":{"start":{"line":31,"column":34},"end":{"line":96,"column":1}},"line":31},"1":{"name":"(anonymous_1)","decl":{"start":{"line":37,"column":12},"end":{"line":37,"column":13}},"loc":{"start":{"line":37,"column":18},"end":{"line":41,"column":3}},"line":37},"2":{"name":"(anonymous_2)","decl":{"start":{"line":38,"column":30},"end":{"line":38,"column":31}},"loc":{"start":{"line":38,"column":44},"end":{"line":40,"column":5}},"line":38},"3":{"name":"(anonymous_3)","decl":{"start":{"line":43,"column":40},"end":{"line":43,"column":41}},"loc":{"start":{"line":43,"column":46},"end":{"line":45,"column":3}},"line":43},"4":{"name":"(anonymous_4)","decl":{"start":{"line":48,"column":4},"end":{"line":48,"column":5}},"loc":{"start":{"line":48,"column":28},"end":{"line":50,"column":5}},"line":48},"5":{"name":"(anonymous_5)","decl":{"start":{"line":69,"column":22},"end":{"line":69,"column":23}},"loc":{"start":{"line":69,"column":36},"end":{"line":69,"column":47}},"line":69},"6":{"name":"(anonymous_6)","decl":{"start":{"line":73,"column":20},"end":{"line":73,"column":21}},"loc":{"start":{"line":74,"column":10},"end":{"line":91,"column":30}},"line":74},"7":{"name":"(anonymous_7)","decl":{"start":{"line":75,"column":21},"end":{"line":75,"column":22}},"loc":{"start":{"line":75,"column":27},"end":{"line":75,"column":67}},"line":75}},"branchMap":{},"s":{"0":0,"1":0,"2":0,"3":0,"4":0,"5":0,"6":0,"7":0,"8":0,"9":0,"10":0,"11":0,"12":0,"13":0,"14":0},"f":{"0":0,"1":0,"2":0,"3":0,"4":0,"5":0,"6":0,"7":0},"b":{},"hash":"84ec1a962a1b264b14b0043f8b0f914ded8eca9b"}
,"C:\\Users\\55419\\Desktop\\Code_Projects\\GoStack\\appgobarber\\src\\pages\\Profile\\index.tsx": {"path":"C:\\Users\\55419\\Desktop\\Code_Projects\\GoStack\\appgobarber\\src\\pages\\Profile\\index.tsx","statementMap":{"0":{"start":{"line":42,"column":26},"end":{"line":270,"column":1}},"1":{"start":{"line":43,"column":31},"end":{"line":43,"column":40}},"2":{"start":{"line":45,"column":18},"end":{"line":45,"column":43}},"3":{"start":{"line":47,"column":24},"end":{"line":47,"column":47}},"4":{"start":{"line":48,"column":30},"end":{"line":48,"column":53}},"5":{"start":{"line":49,"column":27},"end":{"line":49,"column":50}},"6":{"start":{"line":50,"column":34},"end":{"line":50,"column":57}},"7":{"start":{"line":52,"column":21},"end":{"line":52,"column":36}},"8":{"start":{"line":54,"column":23},"end":{"line":126,"column":3}},"9":{"start":{"line":56,"column":6},"end":{"line":123,"column":7}},"10":{"start":{"line":57,"column":8},"end":{"line":57,"column":39}},"11":{"start":{"line":59,"column":23},"end":{"line":77,"column":10}},"12":{"start":{"line":66,"column":25},"end":{"line":66,"column":37}},"13":{"start":{"line":72,"column":27},"end":{"line":72,"column":39}},"14":{"start":{"line":79,"column":8},"end":{"line":81,"column":11}},"15":{"start":{"line":89,"column":12},"end":{"line":89,"column":16}},"16":{"start":{"line":91,"column":25},"end":{"line":101,"column":9}},"17":{"start":{"line":103,"column":25},"end":{"line":103,"column":60}},"18":{"start":{"line":105,"column":8},"end":{"line":105,"column":34}},"19":{"start":{"line":107,"column":8},"end":{"line":107,"column":54}},"20":{"start":{"line":109,"column":8},"end":{"line":109,"column":28}},"21":{"start":{"line":111,"column":8},"end":{"line":117,"column":9}},"22":{"start":{"line":112,"column":25},"end":{"line":112,"column":49}},"23":{"start":{"line":114,"column":10},"end":{"line":114,"column":45}},"24":{"start":{"line":116,"column":10},"end":{"line":116,"column":17}},"25":{"start":{"line":119,"column":8},"end":{"line":122,"column":10}},"26":{"start":{"line":128,"column":29},"end":{"line":159,"column":27}},"27":{"start":{"line":129,"column":4},"end":{"line":158,"column":6}},"28":{"start":{"line":137,"column":8},"end":{"line":139,"column":9}},"29":{"start":{"line":138,"column":10},"end":{"line":138,"column":17}},"30":{"start":{"line":141,"column":8},"end":{"line":144,"column":9}},"31":{"start":{"line":142,"column":10},"end":{"line":142,"column":71}},"32":{"start":{"line":143,"column":10},"end":{"line":143,"column":17}},"33":{"start":{"line":146,"column":21},"end":{"line":146,"column":35}},"34":{"start":{"line":148,"column":8},"end":{"line":152,"column":11}},"35":{"start":{"line":154,"column":8},"end":{"line":156,"column":11}},"36":{"start":{"line":155,"column":10},"end":{"line":155,"column":39}},"37":{"start":{"line":161,"column":23},"end":{"line":163,"column":18}},"38":{"start":{"line":162,"column":4},"end":{"line":162,"column":24}},"39":{"start":{"line":165,"column":2},"end":{"line":269,"column":4}},"40":{"start":{"line":196,"column":18},"end":{"line":196,"column":49}},"41":{"start":{"line":210,"column":18},"end":{"line":210,"column":55}},"42":{"start":{"line":225,"column":18},"end":{"line":225,"column":52}},"43":{"start":{"line":239,"column":18},"end":{"line":239,"column":59}},"44":{"start":{"line":253,"column":18},"end":{"line":253,"column":48}},"45":{"start":{"line":259,"column":18},"end":{"line":259,"column":48}}},"fnMap":{"0":{"name":"(anonymous_0)","decl":{"start":{"line":42,"column":26},"end":{"line":42,"column":27}},"loc":{"start":{"line":42,"column":32},"end":{"line":270,"column":1}},"line":42},"1":{"name":"(anonymous_1)","decl":{"start":{"line":55,"column":4},"end":{"line":55,"column":5}},"loc":{"start":{"line":55,"column":37},"end":{"line":124,"column":5}},"line":55},"2":{"name":"(anonymous_2)","decl":{"start":{"line":66,"column":16},"end":{"line":66,"column":17}},"loc":{"start":{"line":66,"column":25},"end":{"line":66,"column":37}},"line":66},"3":{"name":"(anonymous_3)","decl":{"start":{"line":72,"column":18},"end":{"line":72,"column":19}},"loc":{"start":{"line":72,"column":27},"end":{"line":72,"column":39}},"line":72},"4":{"name":"(anonymous_4)","decl":{"start":{"line":128,"column":41},"end":{"line":128,"column":42}},"loc":{"start":{"line":128,"column":47},"end":{"line":159,"column":3}},"line":128},"5":{"name":"(anonymous_5)","decl":{"start":{"line":136,"column":6},"end":{"line":136,"column":7}},"loc":{"start":{"line":136,"column":20},"end":{"line":157,"column":7}},"line":136},"6":{"name":"(anonymous_6)","decl":{"start":{"line":154,"column":46},"end":{"line":154,"column":47}},"loc":{"start":{"line":154,"column":63},"end":{"line":156,"column":9}},"line":154},"7":{"name":"(anonymous_7)","decl":{"start":{"line":161,"column":35},"end":{"line":161,"column":36}},"loc":{"start":{"line":161,"column":41},"end":{"line":163,"column":3}},"line":161},"8":{"name":"(anonymous_8)","decl":{"start":{"line":195,"column":33},"end":{"line":195,"column":34}},"loc":{"start":{"line":195,"column":39},"end":{"line":197,"column":17}},"line":195},"9":{"name":"(anonymous_9)","decl":{"start":{"line":209,"column":33},"end":{"line":209,"column":34}},"loc":{"start":{"line":209,"column":39},"end":{"line":211,"column":17}},"line":209},"10":{"name":"(anonymous_10)","decl":{"start":{"line":224,"column":33},"end":{"line":224,"column":34}},"loc":{"start":{"line":224,"column":39},"end":{"line":226,"column":17}},"line":224},"11":{"name":"(anonymous_11)","decl":{"start":{"line":238,"column":33},"end":{"line":238,"column":34}},"loc":{"start":{"line":238,"column":39},"end":{"line":240,"column":17}},"line":238},"12":{"name":"(anonymous_12)","decl":{"start":{"line":252,"column":33},"end":{"line":252,"column":34}},"loc":{"start":{"line":252,"column":39},"end":{"line":254,"column":17}},"line":252},"13":{"name":"(anonymous_13)","decl":{"start":{"line":258,"column":25},"end":{"line":258,"column":26}},"loc":{"start":{"line":258,"column":31},"end":{"line":260,"column":17}},"line":258}},"branchMap":{"0":{"loc":{"start":{"line":94,"column":14},"end":{"line":100,"column":16}},"type":"cond-expr","locations":[{"start":{"line":95,"column":14},"end":{"line":99,"column":15}},{"start":{"line":100,"column":14},"end":{"line":100,"column":16}}],"line":94},"1":{"loc":{"start":{"line":111,"column":8},"end":{"line":117,"column":9}},"type":"if","locations":[{"start":{"line":111,"column":8},"end":{"line":117,"column":9}},{"start":{"line":111,"column":8},"end":{"line":117,"column":9}}],"line":111},"2":{"loc":{"start":{"line":137,"column":8},"end":{"line":139,"column":9}},"type":"if","locations":[{"start":{"line":137,"column":8},"end":{"line":139,"column":9}},{"start":{"line":137,"column":8},"end":{"line":139,"column":9}}],"line":137},"3":{"loc":{"start":{"line":141,"column":8},"end":{"line":144,"column":9}},"type":"if","locations":[{"start":{"line":141,"column":8},"end":{"line":144,"column":9}},{"start":{"line":141,"column":8},"end":{"line":144,"column":9}}],"line":141},"4":{"loc":{"start":{"line":169,"column":18},"end":{"line":169,"column":63}},"type":"cond-expr","locations":[{"start":{"line":169,"column":42},"end":{"line":169,"column":51}},{"start":{"line":169,"column":54},"end":{"line":169,"column":63}}],"line":169}},"s":{"0":0,"1":0,"2":0,"3":0,"4":0,"5":0,"6":0,"7":0,"8":0,"9":0,"10":0,"11":0,"12":0,"13":0,"14":0,"15":0,"16":0,"17":0,"18":0,"19":0,"20":0,"21":0,"22":0,"23":0,"24":0,"25":0,"26":0,"27":0,"28":0,"29":0,"30":0,"31":0,"32":0,"33":0,"34":0,"35":0,"36":0,"37":0,"38":0,"39":0,"40":0,"41":0,"42":0,"43":0,"44":0,"45":0},"f":{"0":0,"1":0,"2":0,"3":0,"4":0,"5":0,"6":0,"7":0,"8":0,"9":0,"10":0,"11":0,"12":0,"13":0},"b":{"0":[0,0],"1":[0,0],"2":[0,0],"3":[0,0],"4":[0,0]},"hash":"0a47f5694f2ab1867d51d6b7c9234502b0afccdd"}
,"C:\\Users\\55419\\Desktop\\Code_Projects\\GoStack\\appgobarber\\src\\pages\\SignIn\\index.tsx": {"path":"C:\\Users\\55419\\Desktop\\Code_Projects\\GoStack\\appgobarber\\src\\pages\\SignIn\\index.tsx","statementMap":{"0":{"start":{"line":42,"column":25},"end":{"line":152,"column":1}},"1":{"start":{"line":43,"column":18},"end":{"line":43,"column":43}},"2":{"start":{"line":44,"column":27},"end":{"line":44,"column":50}},"3":{"start":{"line":46,"column":21},"end":{"line":46,"column":36}},"4":{"start":{"line":48,"column":21},"end":{"line":48,"column":30}},"5":{"start":{"line":50,"column":23},"end":{"line":86,"column":3}},"6":{"start":{"line":52,"column":6},"end":{"line":83,"column":7}},"7":{"start":{"line":53,"column":8},"end":{"line":53,"column":39}},"8":{"start":{"line":55,"column":23},"end":{"line":60,"column":10}},"9":{"start":{"line":62,"column":8},"end":{"line":64,"column":11}},"10":{"start":{"line":66,"column":8},"end":{"line":69,"column":11}},"11":{"start":{"line":71,"column":8},"end":{"line":77,"column":9}},"12":{"start":{"line":72,"column":25},"end":{"line":72,"column":49}},"13":{"start":{"line":74,"column":10},"end":{"line":74,"column":45}},"14":{"start":{"line":76,"column":10},"end":{"line":76,"column":17}},"15":{"start":{"line":78,"column":8},"end":{"line":78,"column":25}},"16":{"start":{"line":79,"column":8},"end":{"line":82,"column":10}},"17":{"start":{"line":88,"column":2},"end":{"line":151,"column":4}},"18":{"start":{"line":115,"column":18},"end":{"line":115,"column":52}},"19":{"start":{"line":127,"column":18},"end":{"line":127,"column":48}},"20":{"start":{"line":133,"column":18},"end":{"line":133,"column":48}},"21":{"start":{"line":139,"column":43},"end":{"line":139,"column":63}},"22":{"start":{"line":146,"column":42},"end":{"line":146,"column":71}}},"fnMap":{"0":{"name":"(anonymous_0)","decl":{"start":{"line":42,"column":25},"end":{"line":42,"column":26}},"loc":{"start":{"line":42,"column":31},"end":{"line":152,"column":1}},"line":42},"1":{"name":"(anonymous_1)","decl":{"start":{"line":51,"column":4},"end":{"line":51,"column":5}},"loc":{"start":{"line":51,"column":36},"end":{"line":84,"column":5}},"line":51},"2":{"name":"(anonymous_2)","decl":{"start":{"line":114,"column":33},"end":{"line":114,"column":34}},"loc":{"start":{"line":114,"column":39},"end":{"line":116,"column":17}},"line":114},"3":{"name":"(anonymous_3)","decl":{"start":{"line":126,"column":33},"end":{"line":126,"column":34}},"loc":{"start":{"line":126,"column":39},"end":{"line":128,"column":17}},"line":126},"4":{"name":"(anonymous_4)","decl":{"start":{"line":132,"column":25},"end":{"line":132,"column":26}},"loc":{"start":{"line":132,"column":31},"end":{"line":134,"column":17}},"line":132},"5":{"name":"(anonymous_5)","decl":{"start":{"line":139,"column":37},"end":{"line":139,"column":38}},"loc":{"start":{"line":139,"column":43},"end":{"line":139,"column":63}},"line":139},"6":{"name":"(anonymous_6)","decl":{"start":{"line":146,"column":36},"end":{"line":146,"column":37}},"loc":{"start":{"line":146,"column":42},"end":{"line":146,"column":71}},"line":146}},"branchMap":{"0":{"loc":{"start":{"line":71,"column":8},"end":{"line":77,"column":9}},"type":"if","locations":[{"start":{"line":71,"column":8},"end":{"line":77,"column":9}},{"start":{"line":71,"column":8},"end":{"line":77,"column":9}}],"line":71},"1":{"loc":{"start":{"line":92,"column":18},"end":{"line":92,"column":63}},"type":"cond-expr","locations":[{"start":{"line":92,"column":42},"end":{"line":92,"column":51}},{"start":{"line":92,"column":54},"end":{"line":92,"column":63}}],"line":92}},"s":{"0":1,"1":1,"2":1,"3":1,"4":1,"5":1,"6":0,"7":0,"8":0,"9":0,"10":0,"11":0,"12":0,"13":0,"14":0,"15":0,"16":0,"17":1,"18":0,"19":0,"20":0,"21":0,"22":0},"f":{"0":1,"1":0,"2":0,"3":0,"4":0,"5":0,"6":0},"b":{"0":[0,0],"1":[1,0]},"_coverageSchema":"43e27e138ebf9cfc5966b082cf9a028302ed4184","hash":"9444deb2bca257312ebbba0d813ae0ebd327eb4c"}
,"C:\\Users\\55419\\Desktop\\Code_Projects\\GoStack\\appgobarber\\src\\pages\\SignUp\\index.tsx": {"path":"C:\\Users\\55419\\Desktop\\Code_Projects\\GoStack\\appgobarber\\src\\pages\\SignUp\\index.tsx","statementMap":{"0":{"start":{"line":34,"column":25},"end":{"line":158,"column":1}},"1":{"start":{"line":35,"column":18},"end":{"line":35,"column":43}},"2":{"start":{"line":37,"column":24},"end":{"line":37,"column":47}},"3":{"start":{"line":38,"column":27},"end":{"line":38,"column":50}},"4":{"start":{"line":40,"column":21},"end":{"line":40,"column":36}},"5":{"start":{"line":42,"column":23},"end":{"line":83,"column":3}},"6":{"start":{"line":44,"column":6},"end":{"line":80,"column":7}},"7":{"start":{"line":45,"column":8},"end":{"line":45,"column":39}},"8":{"start":{"line":47,"column":23},"end":{"line":53,"column":10}},"9":{"start":{"line":55,"column":8},"end":{"line":57,"column":11}},"10":{"start":{"line":59,"column":8},"end":{"line":59,"column":39}},"11":{"start":{"line":61,"column":8},"end":{"line":64,"column":10}},"12":{"start":{"line":66,"column":8},"end":{"line":66,"column":28}},"13":{"start":{"line":68,"column":8},"end":{"line":74,"column":9}},"14":{"start":{"line":69,"column":25},"end":{"line":69,"column":49}},"15":{"start":{"line":71,"column":10},"end":{"line":71,"column":45}},"16":{"start":{"line":73,"column":10},"end":{"line":73,"column":17}},"17":{"start":{"line":76,"column":8},"end":{"line":79,"column":10}},"18":{"start":{"line":85,"column":2},"end":{"line":157,"column":4}},"19":{"start":{"line":110,"column":18},"end":{"line":110,"column":49}},"20":{"start":{"line":123,"column":18},"end":{"line":123,"column":52}},"21":{"start":{"line":136,"column":18},"end":{"line":136,"column":48}},"22":{"start":{"line":142,"column":18},"end":{"line":142,"column":48}},"23":{"start":{"line":152,"column":35},"end":{"line":152,"column":54}}},"fnMap":{"0":{"name":"(anonymous_0)","decl":{"start":{"line":34,"column":25},"end":{"line":34,"column":26}},"loc":{"start":{"line":34,"column":31},"end":{"line":158,"column":1}},"line":34},"1":{"name":"(anonymous_1)","decl":{"start":{"line":43,"column":4},"end":{"line":43,"column":5}},"loc":{"start":{"line":43,"column":36},"end":{"line":81,"column":5}},"line":43},"2":{"name":"(anonymous_2)","decl":{"start":{"line":109,"column":33},"end":{"line":109,"column":34}},"loc":{"start":{"line":109,"column":39},"end":{"line":111,"column":17}},"line":109},"3":{"name":"(anonymous_3)","decl":{"start":{"line":122,"column":33},"end":{"line":122,"column":34}},"loc":{"start":{"line":122,"column":39},"end":{"line":124,"column":17}},"line":122},"4":{"name":"(anonymous_4)","decl":{"start":{"line":135,"column":33},"end":{"line":135,"column":34}},"loc":{"start":{"line":135,"column":39},"end":{"line":137,"column":17}},"line":135},"5":{"name":"(anonymous_5)","decl":{"start":{"line":141,"column":25},"end":{"line":141,"column":26}},"loc":{"start":{"line":141,"column":31},"end":{"line":143,"column":17}},"line":141},"6":{"name":"(anonymous_6)","decl":{"start":{"line":152,"column":29},"end":{"line":152,"column":30}},"loc":{"start":{"line":152,"column":35},"end":{"line":152,"column":54}},"line":152}},"branchMap":{"0":{"loc":{"start":{"line":68,"column":8},"end":{"line":74,"column":9}},"type":"if","locations":[{"start":{"line":68,"column":8},"end":{"line":74,"column":9}},{"start":{"line":68,"column":8},"end":{"line":74,"column":9}}],"line":68},"1":{"loc":{"start":{"line":89,"column":18},"end":{"line":89,"column":63}},"type":"cond-expr","locations":[{"start":{"line":89,"column":42},"end":{"line":89,"column":51}},{"start":{"line":89,"column":54},"end":{"line":89,"column":63}}],"line":89}},"s":{"0":0,"1":0,"2":0,"3":0,"4":0,"5":0,"6":0,"7":0,"8":0,"9":0,"10":0,"11":0,"12":0,"13":0,"14":0,"15":0,"16":0,"17":0,"18":0,"19":0,"20":0,"21":0,"22":0,"23":0},"f":{"0":0,"1":0,"2":0,"3":0,"4":0,"5":0,"6":0},"b":{"0":[0,0],"1":[0,0]},"hash":"033c76e6aa37e7b0cb805a938a8d7a49ce83a1af"}
}
